[bi.unocha.org/page/HR-LMS-Compliance.html]
[backblue.gif]
[fade.gif]
[index.html]
[bi.unocha.org/page/apple-touch-icon.1.delayed]
[bi.unocha.org/page/favicon-32x32.2.delayed]
[bi.unocha.org/page/favicon-16x16.3.delayed]
[bi.unocha.org/page/manifest.4.delayed]
[bi.unocha.org/page/safari-pinned-tab.5.delayed]
[bi.unocha.org/page/favicon.6.delayed]
[bi.unocha.org/assets/css/styles.min.css]
[tab1.unocha.org/javascripts/api/viz_v1.js]
[vocabulary.unocha.org/assets/js/modernizr-output.js]
[vocabulary.unocha.org/assets/js/jquery-1.10.2.min.js]
[vocabulary.unocha.org/assets/js/bootstrap-dropdown.js]
[www.google-analytics.com/analytics.js]
[bi.unocha.org/page/HR-LMS-Compliance.html]
[bi.unocha.org/assets/img/logos/ocha-logo-blue@53x37.png]
[bi.unocha.org/assets/img/logos/ocha-lockup-blue@186x60.png]
[bi.unocha.org/assets/img/logos/ocha-lockup-white@149x37.f.delayed]
[bi.unocha.org/assets/css/styles.min.css]
[bi.unocha.org/assets/img/logos/ocha-lockup-white@149x37.html]
[bi.unocha.org/page/apple-touch-icon.html]
[bi.unocha.org/page/favicon-32x32.html]
[bi.unocha.org/page/favicon-16x16.html]
[bi.unocha.org/page/manifest.html]
[bi.unocha.org/page/safari-pinned-tab.html]
[bi.unocha.org/page/favicon.html]
